27/10/21 13:52:21 INFO  root:16 - -----------Scenarios Apis INVENTORY-----------
27/10/21 13:52:23 INFO  root:21 -  ending -----------Scenarios Apis INVENTORY-----------
27/10/21 13:52:23 INFO  root:16 - -----------Scenarios Apis CREATELIST-----------
27/10/21 13:52:23 INFO  root:21 -  ending -----------Scenarios Apis CREATELIST-----------
27/10/21 13:52:23 INFO  root:16 - -----------Scenarios Apis PUTUSERNAME-----------
27/10/21 13:52:23 INFO  root:21 -  ending -----------Scenarios Apis PUTUSERNAME-----------
27/10/21 13:52:23 INFO  root:16 - -----------Scenario Update Files-----------
27/10/21 13:52:24 INFO  root:21 -  ending -----------Scenario Update Files-----------
27/10/21 13:52:24 INFO  root:16 - -----------Scenario Text Box-----------
27/10/21 13:52:35 INFO  root:21 -  ending -----------Scenario Text Box-----------
27/10/21 13:52:36 INFO  root:16 - -----------Scenario Check Box-----------
27/10/21 13:52:49 INFO  root:21 -  ending -----------Scenario Check Box-----------
27/10/21 13:52:50 INFO  root:16 - -----------Scenario Web Table-----------
27/10/21 13:53:02 INFO  root:21 -  ending -----------Scenario Web Table-----------
27/10/21 13:53:03 INFO  root:16 - -----------Scenario Upload File-----------
27/10/21 13:53:17 INFO  root:21 -  ending -----------Scenario Upload File-----------
27/10/21 13:53:18 INFO  root:16 - -----------Scenario Alerts TIMER-----------
27/10/21 13:53:33 INFO  root:21 -  ending -----------Scenario Alerts TIMER-----------
27/10/21 13:53:35 INFO  root:16 - -----------Scenario Alerts PROMPT-----------
27/10/21 13:53:48 INFO  root:21 -  ending -----------Scenario Alerts PROMPT-----------
27/10/21 13:53:50 INFO  root:16 - -----------Scenario Alerts CONFIRM-----------
27/10/21 13:54:05 INFO  root:21 -  ending -----------Scenario Alerts CONFIRM-----------
27/10/21 13:54:06 INFO  root:16 - -----------Scenario New Tab-----------
27/10/21 13:54:18 INFO  root:21 -  ending -----------Scenario New Tab-----------
27/10/21 13:54:20 INFO  root:16 - -----------Scenario New Tab-----------
27/10/21 13:54:31 INFO  root:21 -  ending -----------Scenario New Tab-----------
27/10/21 13:54:32 INFO  root:16 - -----------Scenario Progress Bar-----------
27/10/21 13:54:54 INFO  root:21 -  ending -----------Scenario Progress Bar-----------
27/10/21 13:54:56 INFO  root:16 - -----------Scenario Dragabble-----------
27/10/21 13:55:06 INFO  root:21 -  ending -----------Scenario Dragabble-----------
